<?xml version="1.0" encoding="UTF-8"?>
<!-- Generated by org.testng.reporters.JUnitReportReporter -->
<testsuite skipped="0" hostname="USER" name="com.fcm.qa.testcases.LoginPageTest" tests="2" failures="0" timestamp="17 Sep 2019 11:10:06 GMT" time="62.760" errors="0">
  <testcase name="verifyLoginPageTitle" time="21.563" classname="com.fcm.qa.testcases.LoginPageTest"/>
  <testcase name="verifyLogin" time="41.197" classname="com.fcm.qa.testcases.LoginPageTest"/>
</testsuite> <!-- com.fcm.qa.testcases.LoginPageTest -->
