<?xml version="1.0" encoding="UTF-8"?>
<!-- Generated by org.testng.reporters.JUnitReportReporter -->
<testsuite skipped="0" hostname="USER" name="com.fcm.qa.testcases.ContactPageTest" tests="3" failures="0" timestamp="20 Sep 2019 19:55:10 GMT" time="114.601" errors="0">
  <testcase name="verifyContactCreation" time="50.516" classname="com.fcm.qa.testcases.ContactPageTest"/>
  <testcase name="verifyContactCreation" time="28.514" classname="com.fcm.qa.testcases.ContactPageTest"/>
  <testcase name="verifyPage" time="35.571" classname="com.fcm.qa.testcases.ContactPageTest"/>
</testsuite> <!-- com.fcm.qa.testcases.ContactPageTest -->
