<?xml version="1.0" encoding="UTF-8"?>
<!-- Generated by org.testng.reporters.JUnitReportReporter -->
<testsuite skipped="0" hostname="USER" name="com.fcm.qa.testcases.HomePageTest" tests="3" failures="0" timestamp="20 Sep 2019 19:55:10 GMT" time="91.746" errors="0">
  <testcase name="verifyPageTitle" time="26.327" classname="com.fcm.qa.testcases.HomePageTest"/>
  <testcase name="verifyLoggedInUser" time="34.344" classname="com.fcm.qa.testcases.HomePageTest"/>
  <testcase name="verifyLogoDisplayed" time="31.075" classname="com.fcm.qa.testcases.HomePageTest"/>
</testsuite> <!-- com.fcm.qa.testcases.HomePageTest -->
