<?xml version="1.0" encoding="UTF-8"?>
<!-- Generated by org.testng.reporters.JUnitReportReporter -->
<testsuite skipped="0" hostname="USER" name="com.fcm.qa.testcases.HomePageTest" tests="3" failures="0" timestamp="20 Sep 2019 10:28:37 GMT" time="79.294" errors="0">
  <testcase name="verifyPageTitle" time="20.754" classname="com.fcm.qa.testcases.HomePageTest"/>
  <testcase name="verifyLoggedInUser" time="27.044" classname="com.fcm.qa.testcases.HomePageTest"/>
  <testcase name="verifyLogoDisplayed" time="31.496" classname="com.fcm.qa.testcases.HomePageTest"/>
</testsuite> <!-- com.fcm.qa.testcases.HomePageTest -->
