<?xml version="1.0" encoding="UTF-8"?>
<!-- Generated by org.testng.reporters.JUnitReportReporter -->
<testsuite skipped="0" hostname="USER" name="com.fcm.qa.testcases.ContactPageTest" tests="3" failures="0" timestamp="19 Sep 2019 19:51:13 GMT" time="80.189" errors="0">
  <testcase name="verifyContactCreation" time="28.205" classname="com.fcm.qa.testcases.ContactPageTest"/>
  <testcase name="verifyContactCreation" time="27.891" classname="com.fcm.qa.testcases.ContactPageTest"/>
  <testcase name="verifyPage" time="24.093" classname="com.fcm.qa.testcases.ContactPageTest"/>
</testsuite> <!-- com.fcm.qa.testcases.ContactPageTest -->
