<?xml version="1.0" encoding="UTF-8"?>
<!-- Generated by org.testng.reporters.JUnitReportReporter -->
<testsuite skipped="0" hostname="USER" name="com.fcm.qa.testcases.HomePageTest" tests="3" failures="0" timestamp="20 Sep 2019 19:43:49 GMT" time="82.725" errors="0">
  <testcase name="verifyPageTitle" time="31.945" classname="com.fcm.qa.testcases.HomePageTest"/>
  <testcase name="verifyLoggedInUser" time="25.167" classname="com.fcm.qa.testcases.HomePageTest"/>
  <testcase name="verifyLogoDisplayed" time="25.613" classname="com.fcm.qa.testcases.HomePageTest"/>
</testsuite> <!-- com.fcm.qa.testcases.HomePageTest -->
