<?xml version="1.0" encoding="UTF-8"?>
<!-- Generated by org.testng.reporters.JUnitReportReporter -->
<testsuite skipped="0" hostname="USER" name="com.fcm.qa.testcases.ContactPageTest" tests="3" failures="0" timestamp="20 Sep 2019 19:43:49 GMT" time="126.601" errors="0">
  <testcase name="verifyContactCreation" time="45.925" classname="com.fcm.qa.testcases.ContactPageTest"/>
  <testcase name="verifyContactCreation" time="29.390" classname="com.fcm.qa.testcases.ContactPageTest"/>
  <testcase name="verifyPage" time="51.286" classname="com.fcm.qa.testcases.ContactPageTest"/>
</testsuite> <!-- com.fcm.qa.testcases.ContactPageTest -->
